Build started 02/05/2018 13:01:46.
     1>Project "C:\Users\William Akins\Desktop\15029476_cw1\15029476 CS2S565\CS2S565.vcxproj" on node 2 (Build target(s)).
     1>ClCompile:
         C:\Program Files (x86)\Microsoft Visual Studio 12.0\VC\bin\CL.exe /c /ZI /nologo /W3 /WX- /sdl /Od /Oy- /D WIN32 /D _DEBUG /D _CONSOLE /D _LIB /D _UNICODE /D UNICODE /Gm /EHsc /RTC1 /MDd /GS /fp:precise /Zc:wchar_t /Zc:forScope /Fo"Debug\\" /Fd"Debug\vc120.pdb" /Gd /TP /analyze- /errorReport:prompt draw_scene.cpp main.cpp shader_setup.cpp stdafx.cpp texture_loader.cpp
         texture_loader.cpp
         stdafx.cpp
         shader_setup.cpp
         main.cpp
     1>c:\users\william akins\desktop\15029476_cw1\15029476 cs2s565\main.cpp(2): warning C4067: unexpected tokens following preprocessor directive - expected a newline
     1>c:\users\william akins\desktop\15029476_cw1\15029476 cs2s565\main.cpp(3): warning C4067: unexpected tokens following preprocessor directive - expected a newline
         draw_scene.cpp
     1>c:\users\william akins\desktop\15029476_cw1\15029476 cs2s565\draw_scene.cpp(8): warning C4305: 'initializing' : truncation from 'double' to 'const float'
         Generating Code...
       Link:
         C:\Program Files (x86)\Microsoft Visual Studio 12.0\VC\bin\link.exe /ERRORREPORT:PROMPT /OUT:"C:\Users\William Akins\Desktop\15029476_cw1\15029476 CS2S565\Debug\CS2S565.exe" /INCREMENTAL /NOLOGO FreeImage\FreeImagePlus.lib windowscodecs.lib CoreStructures\CoreStructures.lib freeglut\freeglut.lib glew\glew32.lib kernel32.lib user32.lib gdi32.lib winspool.lib comdlg32.lib advapi32.lib shell32.lib ole32.lib oleaut32.lib uuid.lib odbc32.lib odbccp32.lib kernel32.lib user32.lib gdi32.lib winspool.lib comdlg32.lib advapi32.lib shell32.lib ole32.lib oleaut32.lib uuid.lib odbc32.lib odbccp32.lib /MANIFEST /MANIFESTUAC:"level='asInvoker' uiAccess='false'" /manifest:embed /DEBUG /PDB:"C:\Users\William Akins\Desktop\15029476_cw1\15029476 CS2S565\Debug\CS2S565.pdb" /SUBSYSTEM:CONSOLE /TLBID:1 /DYNAMICBASE /NXCOMPAT /IMPLIB:"C:\Users\William Akins\Desktop\15029476_cw1\15029476 CS2S565\Debug\CS2S565.lib" /MACHINE:X86 Debug\draw_scene.obj
         Debug\main.obj
         Debug\shader_setup.obj
         Debug\stdafx.obj
         Debug\texture_loader.obj
         LINK : C:\Users\William Akins\Desktop\15029476_cw1\15029476 CS2S565\Debug\CS2S565.exe not found or not built by the last incremental link; performing full link
     1>CoreStructures.lib(GUMatrix4.obj) : warning LNK4204: 'C:\Users\William Akins\Desktop\15029476_cw1\15029476 CS2S565\Debug\vc120.pdb' is missing debugging information for referencing module; linking object as if no debug info
     1>CoreStructures.lib(GUMemory.obj) : warning LNK4204: 'C:\Users\William Akins\Desktop\15029476_cw1\15029476 CS2S565\Debug\vc120.pdb' is missing debugging information for referencing module; linking object as if no debug info
     1>CoreStructures.lib(GUVector4.obj) : warning LNK4204: 'C:\Users\William Akins\Desktop\15029476_cw1\15029476 CS2S565\Debug\vc120.pdb' is missing debugging information for referencing module; linking object as if no debug info
         CS2S565.vcxproj -> C:\Users\William Akins\Desktop\15029476_cw1\15029476 CS2S565\Debug\CS2S565.exe
     1>Done Building Project "C:\Users\William Akins\Desktop\15029476_cw1\15029476 CS2S565\CS2S565.vcxproj" (Build target(s)).

Build succeeded.

Time Elapsed 00:00:04.59
